[2016-06-01 17:24:45](0x00002c60) <info>: Log file registered: ./log/
[2016-06-01 17:24:45](0x00002c60) <info>: Operation: import
[2016-06-01 17:24:45](0x00002c60) <info>: Arg 1: C:\Users\Carmen\3D Repo\Repo\3drepobouncer\test\data\models\cube.obj
[2016-06-01 17:24:45](0x00002c60) <info>: Arg 2: stUpload
[2016-06-01 17:24:45](0x00002c60) <info>: Arg 3: cube
[2016-06-01 17:24:45](0x00002c60) <info>: Successfully connected to the localhost:27017
[2016-06-01 17:24:45](0x00002c60) <info>: testUser is authenticated to localhost:27017
[2016-06-01 17:24:45](0x00002c60) <info>: successfully connected to the database!
[2016-06-01 17:24:45](0x00002c60) <info>: IMPORT [cube.obj]
[2016-06-01 17:24:45](0x00002c60) <info>: === IMPORTING MODEL WITH ASSIMP MODEL CONVERTOR ===
[2016-06-01 17:24:45](0x00002c60) <info>: Loaded cube.obj with 6 polygons in 1 mesh
[2016-06-01 17:24:45](0x00002c60) <info>: Constructing Texture Nodes...
[2016-06-01 17:24:45](0x00002c60) <info>: Constructing Material Nodes...
[2016-06-01 17:24:45](0x00002c60) <info>: Constructing 0 of 1
[2016-06-01 17:24:45](0x00002c60) <info>: Constructing Mesh Nodes...
[2016-06-01 17:24:45](0x00002c60) <info>: Scene offset : {1,1,1}
[2016-06-01 17:24:45](0x00002c60) <info>: Constructing 0 of 1
[2016-06-01 17:24:45](0x00002c60) <info>: Constructing Camera Nodes...
[2016-06-01 17:24:45](0x00002c60) <info>: Constructing Transformation Nodes...
[2016-06-01 17:24:45](0x00002c60) <info>: Constructing transformation #0
[2016-06-01 17:24:45](0x00002c60) <info>: Node Construction completed. (#transformations: 2, #Metadata0)
[2016-06-01 17:24:45](0x00002c60) <info>: Optimizer : processed 1 of 1 meshes
[2016-06-01 17:24:45](0x00002c60) <info>: Mesh Optimisation complete. Number of transformations has been reduced from 2 to 1
[2016-06-01 17:24:45](0x00002c60) <info>: Camera Optimisation complete. Number of transformations has been reduced from 1 to 1
[2016-06-01 17:24:45](0x00002c60) <info>: Generating stash graph for optimised viewing...
[2016-06-01 17:24:45](0x00002c60) <info>: Generating stash graph...
[2016-06-01 17:24:45](0x00002c60) <info>: Trying to commit this scene to database as stUpload.cube
[2016-06-01 17:24:45](0x00002c60) <info>: Commited project settings, commiting revision...
[2016-06-01 17:24:45](0x00002c60) <info>: Commited revision node, commiting scene nodes...
[2016-06-01 17:24:45](0x00002c60) <info>: Committing 3 nodes...
[2016-06-01 17:24:45](0x00002c60) <info>: Committing 2 of 3
[2016-06-01 17:24:45](0x00002c60) <info>: rev node status is: 0
[2016-06-01 17:24:45](0x00002c60) <info>: Scene successfully committed to the database
[2016-06-01 17:24:45](0x00002c60) <info>: rev node status is: 2
[2016-06-01 17:24:45](0x00002c60) <info>: Committing 3 nodes...
[2016-06-01 17:24:45](0x00002c60) <info>: Committing 2 of 3
[2016-06-01 17:24:45](0x00002c60) <info>: rev node status is: 0
[2016-06-01 17:24:45](0x00002c60) <info>: Commited scene stash successfully.
[2016-06-01 17:24:45](0x00002c60) <info>: Generating SRC encoding for web viewing...
[2016-06-01 17:24:45](0x00002c60) <info>: rev node status is: 3
[2016-06-01 17:24:45](0x00002c60) <info>: File (/stUpload/cube/868742c4-8f0e-420e-9699-fe851ca5fb43.src) added successfully.
[2016-06-01 17:24:45](0x00002c60) <info>: rev node status is: 0
[2016-06-01 17:24:45](0x00002c60) <info>: SRC file stored into the database
[2016-06-01 17:24:45](0x00002c60) <info>: Generating Selection Tree JSON...
[2016-06-01 17:24:45](0x00002c60) <info>: rev node status is: 4
[2016-06-01 17:24:45](0x00002c60) <info>: File (/stUpload/cube/revision/8691289f-a31b-43b0-92f1-57df4525d47e/fulltree.json) added successfully.
[2016-06-01 17:24:45](0x00002c60) <info>: rev node status is: 0
[2016-06-01 17:24:45](0x00002c60) <info>: Selection Tree Stored into the database
