[2016-06-01 17:27:29](0x00001740) <info>: Log file registered: ./log/
[2016-06-01 17:27:29](0x00001740) <info>: Operation: import
[2016-06-01 17:27:29](0x00001740) <info>: Arg 1: C:\Users\Carmen\3D Repo\Repo\3drepobouncer\test\data\models\texturedBox.dae
[2016-06-01 17:27:29](0x00001740) <info>: Arg 2: stUpload
[2016-06-01 17:27:29](0x00001740) <info>: Arg 3: textured
[2016-06-01 17:27:29](0x00001740) <info>: Successfully connected to the localhost:27017
[2016-06-01 17:27:29](0x00001740) <info>: testUser is authenticated to localhost:27017
[2016-06-01 17:27:29](0x00001740) <info>: successfully connected to the database!
[2016-06-01 17:27:29](0x00001740) <info>: IMPORT [texturedBox.dae]
[2016-06-01 17:27:29](0x00001740) <info>: === IMPORTING MODEL WITH ASSIMP MODEL CONVERTOR ===
[2016-06-01 17:27:29](0x00001740) <info>: Loaded texturedBox.dae with 12 polygons in 1 mesh
[2016-06-01 17:27:29](0x00001740) <info>: Constructing Texture Nodes...
[2016-06-01 17:27:29](0x00001740) <error>: Could not open texture: C:\Users\Carmen\3D Repo\Repo\3drepobouncer\test\data\modelsCesium_Logo_Flat.png

[2016-06-01 17:27:29](0x00001740) <warning>:  Creating a texture node with no texture!
[2016-06-01 17:27:29](0x00001740) <info>: Constructing Material Nodes...
[2016-06-01 17:27:29](0x00001740) <info>: Constructing 0 of 1
[2016-06-01 17:27:29](0x00001740) <info>: Constructing Mesh Nodes...
[2016-06-01 17:27:29](0x00001740) <info>: Scene offset : {0.5,0.5,-0.5}
[2016-06-01 17:27:29](0x00001740) <info>: Constructing 0 of 1
[2016-06-01 17:27:29](0x00001740) <info>: Constructing Camera Nodes...
[2016-06-01 17:27:29](0x00001740) <info>: Constructing Transformation Nodes...
[2016-06-01 17:27:29](0x00001740) <info>: Constructing transformation #0
[2016-06-01 17:27:29](0x00001740) <info>: Node Construction completed. (#transformations: 4, #Metadata0)
[2016-06-01 17:27:29](0x00001740) <info>: Optimizer : processed 1 of 1 meshes
[2016-06-01 17:27:29](0x00001740) <info>: Mesh Optimisation complete. Number of transformations has been reduced from 4 to 3
[2016-06-01 17:27:29](0x00001740) <info>: Camera Optimisation complete. Number of transformations has been reduced from 3 to 3
[2016-06-01 17:27:29](0x00001740) <info>: Generating stash graph for optimised viewing...
[2016-06-01 17:27:29](0x00001740) <info>: Generating stash graph...
[2016-06-01 17:27:29](0x00001740) <info>: Trying to commit this scene to database as stUpload.textured
[2016-06-01 17:27:29](0x00001740) <info>: Commited project settings, commiting revision...
[2016-06-01 17:27:29](0x00001740) <info>: Commited revision node, commiting scene nodes...
[2016-06-01 17:27:29](0x00001740) <info>: Committing 6 nodes...
[2016-06-01 17:27:29](0x00001740) <info>: Committing 5 of 6
[2016-06-01 17:27:29](0x00001740) <info>: rev node status is: 0
[2016-06-01 17:27:29](0x00001740) <info>: Scene successfully committed to the database
[2016-06-01 17:27:29](0x00001740) <info>: rev node status is: 2
[2016-06-01 17:27:29](0x00001740) <info>: Committing 4 nodes...
[2016-06-01 17:27:29](0x00001740) <info>: Committing 3 of 4
[2016-06-01 17:27:29](0x00001740) <info>: rev node status is: 0
[2016-06-01 17:27:29](0x00001740) <info>: Commited scene stash successfully.
[2016-06-01 17:27:29](0x00001740) <info>: Generating SRC encoding for web viewing...
[2016-06-01 17:27:29](0x00001740) <info>: rev node status is: 3
[2016-06-01 17:27:29](0x00001740) <info>: File (/stUpload/textured/f5fd5a23-ecc2-4e50-a67d-e716b6051018.src?tex_uuid=d51328bf-358f-4830-8656-963bf393cfa0) added successfully.
[2016-06-01 17:27:29](0x00001740) <info>: rev node status is: 0
[2016-06-01 17:27:29](0x00001740) <info>: SRC file stored into the database
[2016-06-01 17:27:29](0x00001740) <info>: Generating Selection Tree JSON...
[2016-06-01 17:27:29](0x00001740) <info>: rev node status is: 4
[2016-06-01 17:27:29](0x00001740) <info>: File (/stUpload/textured/revision/76881005-a0e1-4041-81ea-4c07cf8a9c05/fulltree.json) added successfully.
[2016-06-01 17:27:29](0x00001740) <info>: rev node status is: 0
[2016-06-01 17:27:29](0x00001740) <info>: Selection Tree Stored into the database
