[2016-06-01 17:45:50](0x00001260) <info>: Log file registered: ./log/
[2016-06-01 17:45:50](0x00001260) <info>: Operation: import
[2016-06-01 17:45:50](0x00001260) <info>: Arg 1: C:\Users\Carmen\3D Repo\Repo\3drepobouncer\test\data\models\texturedPlane.dae
[2016-06-01 17:45:50](0x00001260) <info>: Arg 2: stUpload
[2016-06-01 17:45:50](0x00001260) <info>: Arg 3: textured
[2016-06-01 17:45:50](0x00001260) <info>: Successfully connected to the localhost:27017
[2016-06-01 17:45:50](0x00001260) <info>: testUser is authenticated to localhost:27017
[2016-06-01 17:45:50](0x00001260) <info>: successfully connected to the database!
[2016-06-01 17:45:50](0x00001260) <info>: IMPORT [texturedPlane.dae]
[2016-06-01 17:45:50](0x00001260) <info>: === IMPORTING MODEL WITH ASSIMP MODEL CONVERTOR ===
[2016-06-01 17:45:50](0x00001260) <info>: Loaded texturedPlane.dae with 2 polygons in 1 mesh
[2016-06-01 17:45:50](0x00001260) <info>: Constructing Texture Nodes...
[2016-06-01 17:45:50](0x00001260) <error>: Could not open texture: C:\Users\Carmen\3D Repo\Repo\3drepobouncer\test\data\modelsGFtexS.jpg

[2016-06-01 17:45:50](0x00001260) <warning>:  Creating a texture node with no texture!
[2016-06-01 17:45:50](0x00001260) <info>: Constructing Material Nodes...
[2016-06-01 17:45:50](0x00001260) <info>: Constructing 0 of 1
[2016-06-01 17:45:50](0x00001260) <info>: Constructing Mesh Nodes...
[2016-06-01 17:45:50](0x00001260) <info>: Scene offset : {4626.6,824.005,44797.4}
[2016-06-01 17:45:50](0x00001260) <info>: Constructing 0 of 1
[2016-06-01 17:45:50](0x00001260) <info>: Constructing Camera Nodes...
[2016-06-01 17:45:50](0x00001260) <info>: Constructing Transformation Nodes...
[2016-06-01 17:45:50](0x00001260) <info>: Constructing transformation #0
[2016-06-01 17:45:50](0x00001260) <info>: Node Construction completed. (#transformations: 2, #Metadata0)
[2016-06-01 17:45:50](0x00001260) <info>: Optimizer : processed 1 of 1 meshes
[2016-06-01 17:45:50](0x00001260) <info>: Mesh Optimisation complete. Number of transformations has been reduced from 2 to 1
[2016-06-01 17:45:50](0x00001260) <info>: Camera Optimisation complete. Number of transformations has been reduced from 1 to 1
[2016-06-01 17:45:50](0x00001260) <info>: Generating stash graph for optimised viewing...
[2016-06-01 17:45:50](0x00001260) <info>: Generating stash graph...
[2016-06-01 17:45:50](0x00001260) <info>: Trying to commit this scene to database as stUpload.textured
[2016-06-01 17:45:50](0x00001260) <info>: Commited project settings, commiting revision...
[2016-06-01 17:45:50](0x00001260) <info>: Commited revision node, commiting scene nodes...
[2016-06-01 17:45:50](0x00001260) <info>: Committing 4 nodes...
[2016-06-01 17:45:50](0x00001260) <info>: Committing 3 of 4
[2016-06-01 17:45:50](0x00001260) <info>: rev node status is: 0
[2016-06-01 17:45:50](0x00001260) <info>: Scene successfully committed to the database
[2016-06-01 17:45:50](0x00001260) <info>: rev node status is: 2
[2016-06-01 17:45:50](0x00001260) <info>: Committing 4 nodes...
[2016-06-01 17:45:50](0x00001260) <info>: Committing 3 of 4
[2016-06-01 17:45:50](0x00001260) <info>: rev node status is: 0
[2016-06-01 17:45:50](0x00001260) <info>: Commited scene stash successfully.
[2016-06-01 17:45:50](0x00001260) <info>: Generating SRC encoding for web viewing...
[2016-06-01 17:45:50](0x00001260) <info>: rev node status is: 3
[2016-06-01 17:45:50](0x00001260) <info>: File (/stUpload/textured/9f75a804-605b-4e9b-bc5e-d1a9445897e5.src?tex_uuid=c2389b49-76ce-4c28-955e-32cdb60cd0c0) added successfully.
[2016-06-01 17:45:50](0x00001260) <info>: rev node status is: 0
[2016-06-01 17:45:50](0x00001260) <info>: SRC file stored into the database
[2016-06-01 17:45:50](0x00001260) <info>: Generating Selection Tree JSON...
[2016-06-01 17:45:50](0x00001260) <info>: rev node status is: 4
[2016-06-01 17:45:50](0x00001260) <info>: File (/stUpload/textured/revision/016d15fd-88a3-45da-a457-8205d720fe0a/fulltree.json) added successfully.
[2016-06-01 17:45:50](0x00001260) <info>: rev node status is: 0
[2016-06-01 17:45:50](0x00001260) <info>: Selection Tree Stored into the database
