[2016-06-01 17:24:46](0x00002e90) <info>: Log file registered: ./log/
[2016-06-01 17:24:46](0x00002e90) <info>: Operation: import
[2016-06-01 17:24:46](0x00002e90) <info>: Arg 1: C:\Users\Carmen\3D Repo\Repo\3drepobouncer\test\data\models\texturedPlane.obj
[2016-06-01 17:24:46](0x00002e90) <info>: Arg 2: stUpload
[2016-06-01 17:24:46](0x00002e90) <info>: Arg 3: textured
[2016-06-01 17:24:46](0x00002e90) <info>: Successfully connected to the localhost:27017
[2016-06-01 17:24:46](0x00002e90) <info>: testUser is authenticated to localhost:27017
[2016-06-01 17:24:46](0x00002e90) <info>: successfully connected to the database!
[2016-06-01 17:24:46](0x00002e90) <info>: IMPORT [texturedPlane.obj]
[2016-06-01 17:24:46](0x00002e90) <info>: === IMPORTING MODEL WITH ASSIMP MODEL CONVERTOR ===
[2016-06-01 17:24:46](0x00002e90) <info>: Loaded texturedPlane.obj with 1 polygons in 1 mesh
[2016-06-01 17:24:46](0x00002e90) <info>: Constructing Texture Nodes...
[2016-06-01 17:24:46](0x00002e90) <info>: Constructing Material Nodes...
[2016-06-01 17:24:46](0x00002e90) <info>: Constructing 0 of 1
[2016-06-01 17:24:46](0x00002e90) <info>: Constructing Mesh Nodes...
[2016-06-01 17:24:46](0x00002e90) <info>: Scene offset : {4949.09,0,45081.9}
[2016-06-01 17:24:46](0x00002e90) <info>: Constructing 0 of 1
[2016-06-01 17:24:46](0x00002e90) <info>: Constructing Camera Nodes...
[2016-06-01 17:24:46](0x00002e90) <info>: Constructing Transformation Nodes...
[2016-06-01 17:24:46](0x00002e90) <info>: Constructing transformation #0
[2016-06-01 17:24:46](0x00002e90) <info>: Node Construction completed. (#transformations: 2, #Metadata0)
[2016-06-01 17:24:46](0x00002e90) <info>: Optimizer : processed 1 of 1 meshes
[2016-06-01 17:24:46](0x00002e90) <info>: Mesh Optimisation complete. Number of transformations has been reduced from 2 to 1
[2016-06-01 17:24:46](0x00002e90) <info>: Camera Optimisation complete. Number of transformations has been reduced from 1 to 1
[2016-06-01 17:24:46](0x00002e90) <info>: Generating stash graph for optimised viewing...
[2016-06-01 17:24:46](0x00002e90) <info>: Generating stash graph...
[2016-06-01 17:24:46](0x00002e90) <info>: Trying to commit this scene to database as stUpload.textured
[2016-06-01 17:24:46](0x00002e90) <info>: Commited project settings, commiting revision...
[2016-06-01 17:24:46](0x00002e90) <info>: Commited revision node, commiting scene nodes...
[2016-06-01 17:24:46](0x00002e90) <info>: Committing 3 nodes...
[2016-06-01 17:24:46](0x00002e90) <info>: Committing 2 of 3
[2016-06-01 17:24:46](0x00002e90) <info>: rev node status is: 0
[2016-06-01 17:24:46](0x00002e90) <info>: Scene successfully committed to the database
[2016-06-01 17:24:46](0x00002e90) <info>: rev node status is: 2
[2016-06-01 17:24:46](0x00002e90) <info>: Committing 3 nodes...
[2016-06-01 17:24:46](0x00002e90) <info>: Committing 2 of 3
[2016-06-01 17:24:46](0x00002e90) <info>: rev node status is: 0
[2016-06-01 17:24:46](0x00002e90) <info>: Commited scene stash successfully.
[2016-06-01 17:24:46](0x00002e90) <info>: Generating SRC encoding for web viewing...
[2016-06-01 17:24:46](0x00002e90) <info>: rev node status is: 3
[2016-06-01 17:24:46](0x00002e90) <info>: File (/stUpload/textured/1f691ff8-bb7b-48f0-a5b9-be032268ceda.src) added successfully.
[2016-06-01 17:24:46](0x00002e90) <info>: rev node status is: 0
[2016-06-01 17:24:46](0x00002e90) <info>: SRC file stored into the database
[2016-06-01 17:24:46](0x00002e90) <info>: Generating Selection Tree JSON...
[2016-06-01 17:24:46](0x00002e90) <info>: rev node status is: 4
[2016-06-01 17:24:46](0x00002e90) <info>: File (/stUpload/textured/revision/67ce3a8f-4973-44df-bef0-074d996588ac/fulltree.json) added successfully.
[2016-06-01 17:24:46](0x00002e90) <info>: rev node status is: 0
[2016-06-01 17:24:46](0x00002e90) <info>: Selection Tree Stored into the database
